2020-03-16 17:08:09,129 [INFO] Using existing key Documents/Python/NDCT/ndct/core/db/key.key for encryption/decryption
2020-03-16 17:08:09,131 [INFO] Got devices from file
2020-03-16 17:08:09,132 [INFO] Using existing key Documents/Python/NDCT/ndct/core/db/key.key for encryption/decryption
2020-03-16 17:08:09,136 [INFO] Got deployments from file
2020-03-16 17:08:09,136 [INFO] [TestR1R2Generated] Running deployment
2020-03-16 17:08:09,136 [INFO] [TestR1R2Generated] Updated deployment status to In progress
2020-03-16 17:08:09,164 [INFO] [R2] Reachable, getting connection...
2020-03-16 17:08:09,170 [INFO] [R1] Reachable, getting connection...
2020-03-16 17:08:13,288 [INFO] [R2] Connected
2020-03-16 17:08:13,291 [INFO] [R2] Creating configuration snapshot...
2020-03-16 17:08:13,760 [INFO] [R1] Connected
2020-03-16 17:08:13,763 [INFO] [R1] Creating configuration snapshot...
2020-03-16 17:08:13,899 [INFO] [R2] Configuration snapshot stored as R2_rollback.txt in Documents/Python/NDCT/ndct/core/configuration_files/
2020-03-16 17:08:13,900 [INFO] [R2] Pushing configuration...
2020-03-16 17:08:15,175 [INFO] [R1] Configuration snapshot stored as R1_rollback.txt in Documents/Python/NDCT/ndct/core/configuration_files/
2020-03-16 17:08:15,177 [INFO] [R1] Pushing configuration...
2020-03-16 17:08:26,276 [INFO] [R1] Checking configuration...
2020-03-16 17:08:26,277 [INFO] [R1] Configuration check was successful
2020-03-16 17:08:26,282 [INFO] [R1] Marked generated configuration as deployed
2020-03-16 17:08:26,285 [INFO] [R1] Removed rollback file
2020-03-16 17:08:26,296 [INFO] [R1] Disconnected
2020-03-16 17:08:28,086 [INFO] [R2] Checking configuration...
2020-03-16 17:08:28,087 [INFO] [R2] Configuration check was successful
2020-03-16 17:08:28,093 [INFO] [R2] Marked generated configuration as deployed
2020-03-16 17:08:28,096 [INFO] [R2] Removed rollback file
2020-03-16 17:08:30,303 [INFO] [R2] Disconnected
2020-03-16 17:08:30,308 [INFO] [TestR1R2Generated] Updated deployment status to Completed
2020-03-16 17:08:30,312 [INFO] [TestR1R2Generated] Deployment completed
2020-03-16 17:08:30,313 [INFO] Using existing key Documents/Python/NDCT/ndct/core/db/key.key for encryption/decryption
2020-03-16 17:08:30,315 [INFO] Saved deployments to file
