2019-10-21 23:38:41,114 [INFO] Got devices from file
2019-10-21 23:38:44,217 [INFO] Got deployments from file
2019-10-21 23:38:44,217 [INFO] Running Test5 deployment
2019-10-21 23:38:44,217 [INFO] Updated deployment status to In progress
2019-10-21 23:38:44,224 [INFO] Getting config attribute from R1...
2019-10-21 23:38:44,238 [INFO] R1 reachable, getting connection...
2019-10-21 23:38:48,908 [INFO] Connected to R1
2019-10-21 23:38:50,221 [INFO] Disconnected from R1
2019-10-21 23:38:50,222 [INFO] Got config attribute from R1
2019-10-21 23:38:50,224 [INFO] Building configuration...

Current configuration : 1204 bytes
!
! Last configuration change at 22:36:44 UTC Mon Oct 21 2019
!
version 15.2
service timestamps debug datetime msec
service timestamps log datetime msec
service password-encryption
!
hostname R1
!
boot-start-marker
boot-end-marker
!
!
!
no aaa new-model
no ip icmp rate-limit unreachable
ip cef
!
!
!
!
!
!
no ip domain lookup
ip domain name example.com
no ipv6 cef
!
!
multilink bundle-name authenticated
!
!
!
!
!
!
!
username dom privilege 15 password 7 1511021F0725
!
!
ip tcp synwait-time 5
ip ssh version 2
! 
!
!
!
!
!
!
!
!
!
!
!
interface FastEthernet0/0
 ip address 192.168.21.201 255.255.255.0
 duplex full
!
interface Ethernet1/0
 no ip address
 shutdown
 duplex full
!
interface Ethernet1/1
 no ip address
 shutdown
 duplex full
!
interface Ethernet1/2
 no ip address
 shutdown
 duplex full
!
interface Ethernet1/3
 no ip address
 shutdown
 duplex full
!
ip forward-protocol nd
!
!
no ip http server
no ip http secure-server
!
!
!
!
control-plane
!
!
line con 0
 exec-timeout 0 0
 privilege level 15
 logging synchronous
 length 0
 stopbits 1
line aux 0
 exec-timeout 0 0
 privilege level 15
 logging synchronous
 stopbits 1
line vty 0 4
 login local
 length 0
 transport input ssh
!
!
end

2019-10-21 23:38:50,230 [INFO] Updated deployment status to Completed
2019-10-21 23:38:50,232 [INFO] Deployment Test5 completed
2019-10-21 23:38:53,412 [INFO] Saved deployments to file
