2019-10-28 23:32:13,998 [INFO] Getting modules...
2019-10-28 23:32:14,004 [INFO] Got module "juniper"
2019-10-28 23:32:14,005 [INFO] Got module "cisco_ios"
2019-10-28 23:32:14,006 [INFO] Using existing key in Documents/Python/NDCT/ndct/core/db/key.key for encryption/decryption
2019-10-28 23:32:14,007 [INFO] Got devices from file
2019-10-28 23:32:14,007 [INFO] Using existing key in Documents/Python/NDCT/ndct/core/db/key.key for encryption/decryption
2019-10-28 23:32:14,008 [INFO] Got deployments from file
2019-10-28 23:32:14,009 [INFO] Running Test2 deployment
2019-10-28 23:32:14,009 [INFO] Updated deployment status to In progress
2019-10-28 23:32:14,032 [INFO] R1 reachable, getting connection...
2019-10-28 23:32:14,152 [INFO] R2 reachable, getting connection...
2019-10-28 23:32:18,732 [INFO] Connected to R2
2019-10-28 23:32:18,801 [INFO] Connected to R1
2019-10-28 23:32:19,343 [INFO] Codes: L - local, C - connected, S - static, R - RIP, M - mobile, B - BGP
       D - EIGRP, EX - EIGRP external, O - OSPF, IA - OSPF inter area 
       N1 - OSPF NSSA external type 1, N2 - OSPF NSSA external type 2
       E1 - OSPF external type 1, E2 - OSPF external type 2
       i - IS-IS, su - IS-IS summary, L1 - IS-IS level-1, L2 - IS-IS level-2
       ia - IS-IS inter area, * - candidate default, U - per-user static route
       o - ODR, P - periodic downloaded static route, H - NHRP, l - LISP
       + - replicated route, % - next hop override

Gateway of last resort is not set

      192.168.21.0/24 is variably subnetted, 2 subnets, 2 masks
C        192.168.21.0/24 is directly connected, FastEthernet0/0
L        192.168.21.202/32 is directly connected, FastEthernet0/0

2019-10-28 23:32:19,408 [INFO] Codes: L - local, C - connected, S - static, R - RIP, M - mobile, B - BGP
       D - EIGRP, EX - EIGRP external, O - OSPF, IA - OSPF inter area 
       N1 - OSPF NSSA external type 1, N2 - OSPF NSSA external type 2
       E1 - OSPF external type 1, E2 - OSPF external type 2
       i - IS-IS, su - IS-IS summary, L1 - IS-IS level-1, L2 - IS-IS level-2
       ia - IS-IS inter area, * - candidate default, U - per-user static route
       o - ODR, P - periodic downloaded static route, H - NHRP, l - LISP
       + - replicated route, % - next hop override

Gateway of last resort is not set

      192.168.21.0/24 is variably subnetted, 2 subnets, 2 masks
C        192.168.21.0/24 is directly connected, FastEthernet0/0
L        192.168.21.201/32 is directly connected, FastEthernet0/0

2019-10-28 23:32:19,427 [INFO] Disconnected from R1
2019-10-28 23:32:19,458 [INFO] Disconnected from R2
2019-10-28 23:32:19,463 [INFO] Updated deployment status to Completed
2019-10-28 23:32:19,464 [INFO] Deployment Test2 completed
2019-10-28 23:32:19,464 [INFO] Using existing key in Documents/Python/NDCT/ndct/core/db/key.key for encryption/decryption
2019-10-28 23:32:19,466 [INFO] Saved deployments to file
